
*** tstart() called on ShunpeinoMacBook-Pro.local
*** at Sun Jul 19 21:04:56 2020

   => Loading Basis Set <=

    Name: STO-3G
    Role: ORBITAL
    Keyword: BASIS
    atoms 1-2 entry H          line    19 file /Users/shukob/opt/anaconda3/envs/CohortProject_2020_37/share/psi4/basis/sto-3g.gbs 


         ---------------------------------------------------------
                                   SCF
               by Justin Turney, Rob Parrish, Andy Simmonett
                          and Daniel G. A. Smith
                              RHF Reference
                        1 Threads,    500 MiB Core
         ---------------------------------------------------------

  ==> Geometry <==

    Molecular point group: d2h
    Full point group: D_inf_h

    Geometry (in Angstrom), charge = 0, multiplicity = 1:

       Center              X                  Y                   Z               Mass       
    ------------   -----------------  -----------------  -----------------  -----------------
         H            0.000000000000     0.000000000000    -0.488500000000     1.007825032230
         H            0.000000000000     0.000000000000     0.488500000000     1.007825032230

  Running in d2h symmetry.

  Rotational constants: A = ************  B =     35.04711  C =     35.04711 [cm^-1]
  Rotational constants: A = ************  B = 1050685.95397  C = 1050685.95397 [MHz]
  Nuclear repulsion =    0.541634811330604

  Charge       = 0
  Multiplicity = 1
  Electrons    = 2
  Nalpha       = 1
  Nbeta        = 1

  ==> Algorithm <==

  SCF Algorithm Type is DF.
  DIIS enabled.
  MOM disabled.
  Fractional occupation disabled.
  Guess Type is SAD.
  Energy threshold   = 1.00e-06
  Density threshold  = 1.00e-06
  Integral threshold = 0.00e+00

  ==> Primary Basis <==

  Basis Set: STO-3G
    Blend: STO-3G
    Number of shells: 2
    Number of basis function: 2
    Number of Cartesian functions: 2
    Spherical Harmonics?: true
    Max angular momentum: 0

   => Loading Basis Set <=

    Name: (STO-3G AUX)
    Role: JKFIT
    Keyword: DF_BASIS_SCF
    atoms 1-2 entry H          line    23 file /Users/shukob/opt/anaconda3/envs/CohortProject_2020_37/share/psi4/basis/def2-svp-jkfit.gbs 

  ==> Pre-Iterations <==

   -------------------------------------------------------
    Irrep   Nso     Nmo     Nalpha   Nbeta   Ndocc  Nsocc
   -------------------------------------------------------
     Ag         1       1       0       0       0       0
     B1g        0       0       0       0       0       0
     B2g        0       0       0       0       0       0
     B3g        0       0       0       0       0       0
     Au         0       0       0       0       0       0
     B1u        1       1       0       0       0       0
     B2u        0       0       0       0       0       0
     B3u        0       0       0       0       0       0
   -------------------------------------------------------
    Total       2       2       1       1       1       0
   -------------------------------------------------------

  ==> Integral Setup <==

  DFHelper Memory: AOs need 0.000 GiB; user supplied 0.366 GiB. Using in-core AOs.

  ==> MemDFJK: Density-Fitted J/K Matrices <==

    J tasked:                   Yes
    K tasked:                   Yes
    wK tasked:                   No
    OpenMP threads:               1
    Memory [MiB]:               375
    Algorithm:                 Core
    Schwarz Cutoff:           1E-12
    Mask sparsity (%):       0.0000
    Fitting Condition:        1E-10

   => Auxiliary Basis Set <=

  Basis Set: (STO-3G AUX)
    Blend: DEF2-SVP-JKFIT
    Number of shells: 12
    Number of basis function: 36
    Number of Cartesian functions: 40
    Spherical Harmonics?: true
    Max angular momentum: 2

  Minimum eigenvalue in the overlap matrix is 4.8986418881E-01.
  Using Symmetric Orthogonalization.

  SCF Guess: Superposition of Atomic Densities via on-the-fly atomic UHF.

  ==> Iterations <==

                           Total Energy        Delta E     RMS |[F,P]|

   @DF-RHF iter SAD:    -0.64938221734827   -6.49382e-01   0.00000e+00 
   @DF-RHF iter   1:    -1.07249046552441   -4.23108e-01   0.00000e+00 DIIS
   @DF-RHF iter   2:    -1.07249046552441    0.00000e+00   0.00000e+00 DIIS
  Energy and wave function converged.


  ==> Post-Iterations <==

    Orbital Energies [Eh]
    ---------------------

    Doubly Occupied:                                                      

       1Ag    -0.491823  

    Virtual:                                                              

       1B1u    0.472815  

    Final Occupation by Irrep:
             Ag   B1g   B2g   B3g    Au   B1u   B2u   B3u 
    DOCC [     1,    0,    0,    0,    0,    0,    0,    0 ]

  @DF-RHF Final Energy:    -1.07249046552441

   => Energetics <=

    Nuclear Repulsion Energy =              0.5416348113306039
    One-Electron Energy =                  -2.2446042661500041
    Two-Electron Energy =                   0.6304789892949859
    Total Energy =                         -1.0724904655244143

Computation Completed


Properties will be evaluated at   0.000000,   0.000000,   0.000000 [a0]

Properties computed using the SCF density matrix

  Nuclear Dipole Moment: [e a0]
     X:     0.0000      Y:     0.0000      Z:     0.0000

  Electronic Dipole Moment: [e a0]
     X:     0.0000      Y:     0.0000      Z:     0.0000

  Dipole Moment: [e a0]
     X:     0.0000      Y:     0.0000      Z:     0.0000     Total:     0.0000

  Dipole Moment: [D]
     X:     0.0000      Y:     0.0000      Z:     0.0000     Total:     0.0000


*** tstop() called on ShunpeinoMacBook-Pro.local at Sun Jul 19 21:04:56 2020
Module time:
	user time   =       0.21 seconds =       0.00 minutes
	system time =       0.02 seconds =       0.00 minutes
	total time  =          0 seconds =       0.00 minutes
Total time:
	user time   =       0.21 seconds =       0.00 minutes
	system time =       0.02 seconds =       0.00 minutes
	total time  =          0 seconds =       0.00 minutes

         ---------------------------------------------------------
                                   SCF
               by Justin Turney, Rob Parrish, Andy Simmonett
                          and Daniel G. A. Smith
                              RHF Reference
                        1 Threads,    500 MiB Core
         ---------------------------------------------------------

  ==> Geometry <==

    Molecular point group: d2h
    Full point group: D_inf_h

    Geometry (in Angstrom), charge = 0, multiplicity = 1:

       Center              X                  Y                   Z               Mass       
    ------------   -----------------  -----------------  -----------------  -----------------
         H            0.000000000000     0.000000000000    -0.488500000000     1.007825032230
         H            0.000000000000     0.000000000000     0.488500000000     1.007825032230

  Running in d2h symmetry.

  Rotational constants: A = ************  B =     35.04711  C =     35.04711 [cm^-1]
  Rotational constants: A = ************  B = 1050685.95397  C = 1050685.95397 [MHz]
  Nuclear repulsion =    0.541634811330604

  Charge       = 0
  Multiplicity = 1
  Electrons    = 2
  Nalpha       = 1
  Nbeta        = 1

  ==> Algorithm <==

  SCF Algorithm Type is PK.
  DIIS enabled.
  MOM disabled.
  Fractional occupation disabled.
  Guess Type is AUTO.
  Energy threshold   = 1.00e-06
  Density threshold  = 1.00e-06
  Integral threshold = 0.00e+00

  ==> Primary Basis <==

  Basis Set: STO-3G
    Blend: STO-3G
    Number of shells: 2
    Number of basis function: 2
    Number of Cartesian functions: 2
    Spherical Harmonics?: true
    Max angular momentum: 0

